<?xml version="1.0" encoding="UTF-8"?>
<!-- Generated by org.testng.reporters.JUnitXMLReporter -->
<testsuite ignored="0" hostname="YRUS" failures="1" tests="13" name="Test" time="101.665" errors="0" timestamp="2024-05-03T10:53:35 EDT">
  <testcase classname="testCases.TC_RF_001_AccountRegistration" name="verify_account_registration" time="1.685"/>
  <testcase classname="testCases.TC_LF_001_LoginUsingValidCredentials" name="verify_login" time="1.253"/>
  <testcase classname="testCases.TC_LG_001_Logout_Functionality" name="verify_login" time="2.021"/>
  <testcase classname="testCases.TC_ATC_001_Adding_product_to_Cart" name="verify_login" time="5.371"/>
  <testcase classname="testCases.TC_ATC_002_Remove_Product_from_Cart" name="verify_login" time="9.533"/>
  <testcase classname="testCases.TC_RF_003_AccountRegistrationwithIncorrectSucessMsg" name="verify_account_registration" time="1.616">
    <failure type="java.lang.AssertionError" message="null">
      <![CDATA[java.lang.AssertionError: null
at testCases.TC_RF_003_AccountRegistrationwithIncorrectSucessMsg.verify_account_registration(TC_RF_003_AccountRegistrationwithIncorrectSucessMsg.java:53)
at java.base/java.util.ArrayList.forEach(ArrayList.java:1596)
... Removed 27 stack frames]]>
    </failure>
  </testcase> <!-- verify_account_registration -->
  <testcase classname="testCases.TC_RF_002_AccountRegistrationWithNoData_Neg" name="verify_account_registration_no_data" time="0.625"/>
  <testcase classname="testCases.TC_LF_002_003_004_LoginDDT" name="verify_loginDDT" time="1.839"/>
  <testcase classname="testCases.TC_LF_002_003_004_LoginDDT" name="verify_loginDDT" time="10.939"/>
  <testcase classname="testCases.TC_LF_002_003_004_LoginDDT" name="verify_loginDDT" time="10.881"/>
  <testcase classname="testCases.TC_LF_002_003_004_LoginDDT" name="verify_loginDDT" time="10.929"/>
  <testcase classname="testCases.TC_LF_002_003_004_LoginDDT" name="verify_loginDDT" time="1.806"/>
  <testcase classname="testCases.TC_CO_001_Checkout_as_SignedIn_User" name="verify_login" time="11.781"/>
</testsuite> <!-- Test -->
