<?xml version="1.0" encoding="UTF-8"?>
<!-- Generated by org.testng.reporters.JUnitXMLReporter -->
<testsuite ignored="0" hostname="YRUS" failures="1" tests="12" name="Test" time="97.724" errors="0" timestamp="2024-05-03T10:57:35 EDT">
  <testcase classname="testCases.TC_RF_001_AccountRegistration" name="verify_account_registration" time="1.771"/>
  <testcase classname="testCases.TC_LF_001_LoginUsingValidCredentials" name="verify_login" time="1.205"/>
  <testcase classname="testCases.TC_LG_001_Logout_Functionality" name="verify_login" time="1.861"/>
  <testcase classname="testCases.TC_ATC_001_Adding_product_to_Cart" name="verify_login" time="5.374"/>
  <testcase classname="testCases.TC_ATC_002_Remove_Product_from_Cart" name="verify_login" time="9.545"/>
  <testcase classname="testCases.TC_RF_003_AccountRegistrationwithIncorrectSucessMsg" name="verify_account_registration" time="2.343">
    <failure type="java.lang.AssertionError" message="null">
      <![CDATA[java.lang.AssertionError: null
at testCases.TC_RF_003_AccountRegistrationwithIncorrectSucessMsg.verify_account_registration(TC_RF_003_AccountRegistrationwithIncorrectSucessMsg.java:53)
at java.base/java.util.ArrayList.forEach(ArrayList.java:1596)
... Removed 31 stack frames]]>
    </failure>
  </testcase> <!-- verify_account_registration -->
  <testcase classname="testCases.TC_LF_002_003_004_LoginDDT" name="verify_loginDDT" time="2.25"/>
  <testcase classname="testCases.TC_LF_002_003_004_LoginDDT" name="verify_loginDDT" time="10.898"/>
  <testcase classname="testCases.TC_LF_002_003_004_LoginDDT" name="verify_loginDDT" time="10.899"/>
  <testcase classname="testCases.TC_LF_002_003_004_LoginDDT" name="verify_loginDDT" time="10.969"/>
  <testcase classname="testCases.TC_LF_002_003_004_LoginDDT" name="verify_loginDDT" time="1.8"/>
  <testcase classname="testCases.TC_CO_001_Checkout_as_SignedIn_User" name="verify_login" time="12.196"/>
</testsuite> <!-- Test -->
