<?xml version="1.0" encoding="UTF-8"?>
<testng-results ignored="0" total="11" passed="9" failed="2" skipped="0">
  <reporter-output>
  </reporter-output>
  <suite started-at="2024-04-30T00:11:18 EDT" name="Suite" finished-at="2024-04-30T00:12:22 EDT" duration-ms="63801">
    <groups>
      <group name="regression">
        <method signature="TC_LF_002_003_004_LoginDDT.verify_loginDDT(java.lang.String,java.lang.String,java.lang.String)[pri:0, instance:testCases.TC_LF_002_003_004_LoginDDT@79924b]" name="verify_loginDDT" class="testCases.TC_LF_002_003_004_LoginDDT"/>
        <method signature="TC_RF_001_AccountRegistration.verify_account_registration()[pri:0, instance:testCases.TC_RF_001_AccountRegistration@5ffead27]" name="verify_account_registration" class="testCases.TC_RF_001_AccountRegistration"/>
        <method signature="TC_RF_002_AccountRegistrationWithNoData_Neg.verify_account_registration_no_data()[pri:0, instance:testCases.TC_RF_002_AccountRegistrationWithNoData_Neg@4fb0f2b9]" name="verify_account_registration_no_data" class="testCases.TC_RF_002_AccountRegistrationWithNoData_Neg"/>
        <method signature="TC_RF_003_AccountRegistrationwithIncorrectSucessMsg.verify_account_registration()[pri:0, instance:testCases.TC_RF_003_AccountRegistrationwithIncorrectSucessMsg@4fb61f4a]" name="verify_account_registration" class="testCases.TC_RF_003_AccountRegistrationwithIncorrectSucessMsg"/>
      </group> <!-- regression -->
      <group name="sanity">
        <method signature="TC_LF_001_LoginUsingValidCredentials.verify_login()[pri:0, instance:testCases.TC_LF_001_LoginUsingValidCredentials@3e58a80e]" name="verify_login" class="testCases.TC_LF_001_LoginUsingValidCredentials"/>
      </group> <!-- sanity -->
      <group name="master">
        <method signature="TC_LF_001_LoginUsingValidCredentials.verify_login()[pri:0, instance:testCases.TC_LF_001_LoginUsingValidCredentials@3e58a80e]" name="verify_login" class="testCases.TC_LF_001_LoginUsingValidCredentials"/>
        <method signature="TC_LF_002_003_004_LoginDDT.verify_loginDDT(java.lang.String,java.lang.String,java.lang.String)[pri:0, instance:testCases.TC_LF_002_003_004_LoginDDT@79924b]" name="verify_loginDDT" class="testCases.TC_LF_002_003_004_LoginDDT"/>
        <method signature="TC_RF_001_AccountRegistration.verify_account_registration()[pri:0, instance:testCases.TC_RF_001_AccountRegistration@5ffead27]" name="verify_account_registration" class="testCases.TC_RF_001_AccountRegistration"/>
        <method signature="TC_RF_002_AccountRegistrationWithNoData_Neg.verify_account_registration_no_data()[pri:0, instance:testCases.TC_RF_002_AccountRegistrationWithNoData_Neg@4fb0f2b9]" name="verify_account_registration_no_data" class="testCases.TC_RF_002_AccountRegistrationWithNoData_Neg"/>
        <method signature="TC_RF_003_AccountRegistrationwithIncorrectSucessMsg.verify_account_registration()[pri:0, instance:testCases.TC_RF_003_AccountRegistrationwithIncorrectSucessMsg@4fb61f4a]" name="verify_account_registration" class="testCases.TC_RF_003_AccountRegistrationwithIncorrectSucessMsg"/>
      </group> <!-- master -->
    </groups>
    <test started-at="2024-04-30T00:11:18 EDT" name="Test" finished-at="2024-04-30T00:12:22 EDT" duration-ms="63801">
      <class name="testCases.TC_LF_002_003_004_LoginDDT">
        <test-method is-config="true" signature="setup(java.lang.String,java.lang.String)[pri:0, instance:testCases.TC_LF_002_003_004_LoginDDT@79924b]" started-at="2024-04-30T00:11:40 EDT" name="setup" finished-at="2024-04-30T00:11:43 EDT" duration-ms="3151" status="PASS">
          <params>
            <param index="0">
              <value>
                <![CDATA[Windows]]>
              </value>
            </param>
            <param index="1">
              <value>
                <![CDATA[Chrome]]>
              </value>
            </param>
          </params>
          <reporter-output>
          </reporter-output>
        </test-method> <!-- setup -->
        <test-method signature="verify_loginDDT(java.lang.String,java.lang.String,java.lang.String)[pri:0, instance:testCases.TC_LF_002_003_004_LoginDDT@79924b]" started-at="2024-04-30T00:11:44 EDT" name="verify_loginDDT" data-provider="LoginData" finished-at="2024-04-30T00:11:46 EDT" duration-ms="1779" status="PASS">
          <params>
            <param index="0">
              <value>
                <![CDATA[TESTBB@TEST.com]]>
              </value>
            </param>
            <param index="1">
              <value>
                <![CDATA[test1234!]]>
              </value>
            </param>
            <param index="2">
              <value>
                <![CDATA[Valid]]>
              </value>
            </param>
          </params>
          <reporter-output>
          </reporter-output>
        </test-method> <!-- verify_loginDDT -->
        <test-method signature="verify_loginDDT(java.lang.String,java.lang.String,java.lang.String)[pri:0, instance:testCases.TC_LF_002_003_004_LoginDDT@79924b]" started-at="2024-04-30T00:11:46 EDT" name="verify_loginDDT" data-provider="LoginData" finished-at="2024-04-30T00:11:57 EDT" duration-ms="11243" status="PASS">
          <params>
            <param index="0">
              <value>
                <![CDATA[Jack@yahoo.com]]>
              </value>
            </param>
            <param index="1">
              <value>
                <![CDATA[Jacky@]]>
              </value>
            </param>
            <param index="2">
              <value>
                <![CDATA[Invalid]]>
              </value>
            </param>
          </params>
          <reporter-output>
          </reporter-output>
        </test-method> <!-- verify_loginDDT -->
        <test-method signature="verify_loginDDT(java.lang.String,java.lang.String,java.lang.String)[pri:0, instance:testCases.TC_LF_002_003_004_LoginDDT@79924b]" started-at="2024-04-30T00:11:57 EDT" name="verify_loginDDT" data-provider="LoginData" finished-at="2024-04-30T00:12:09 EDT" duration-ms="11218" status="PASS">
          <params>
            <param index="0">
              <value>
                <![CDATA[Jacki@yahoo.com]]>
              </value>
            </param>
            <param index="1">
              <value>
                <![CDATA[Jacki]]>
              </value>
            </param>
            <param index="2">
              <value>
                <![CDATA[Invalid]]>
              </value>
            </param>
          </params>
          <reporter-output>
          </reporter-output>
        </test-method> <!-- verify_loginDDT -->
        <test-method signature="verify_loginDDT(java.lang.String,java.lang.String,java.lang.String)[pri:0, instance:testCases.TC_LF_002_003_004_LoginDDT@79924b]" started-at="2024-04-30T00:12:09 EDT" name="verify_loginDDT" data-provider="LoginData" finished-at="2024-04-30T00:12:20 EDT" duration-ms="11258" status="PASS">
          <params>
            <param index="0">
              <value>
                <![CDATA[laks@yahoo.com]]>
              </value>
            </param>
            <param index="1">
              <value>
                <![CDATA[xyz]]>
              </value>
            </param>
            <param index="2">
              <value>
                <![CDATA[Invalid]]>
              </value>
            </param>
          </params>
          <reporter-output>
          </reporter-output>
        </test-method> <!-- verify_loginDDT -->
        <test-method signature="verify_loginDDT(java.lang.String,java.lang.String,java.lang.String)[pri:0, instance:testCases.TC_LF_002_003_004_LoginDDT@79924b]" started-at="2024-04-30T00:12:20 EDT" name="verify_loginDDT" data-provider="LoginData" finished-at="2024-04-30T00:12:22 EDT" duration-ms="2094" status="PASS">
          <params>
            <param index="0">
              <value>
                <![CDATA[TESTCC@TEST.com]]>
              </value>
            </param>
            <param index="1">
              <value>
                <![CDATA[test1234!]]>
              </value>
            </param>
            <param index="2">
              <value>
                <![CDATA[Valid]]>
              </value>
            </param>
          </params>
          <reporter-output>
          </reporter-output>
        </test-method> <!-- verify_loginDDT -->
        <test-method is-config="true" signature="tearDown()[pri:0, instance:testCases.TC_LF_002_003_004_LoginDDT@79924b]" started-at="2024-04-30T00:12:22 EDT" name="tearDown" finished-at="2024-04-30T00:12:22 EDT" duration-ms="137" status="PASS">
          <reporter-output>
          </reporter-output>
        </test-method> <!-- tearDown -->
      </class> <!-- testCases.TC_LF_002_003_004_LoginDDT -->
      <class name="testCases.TC_RF_002_AccountRegistrationWithNoData_Neg">
        <test-method is-config="true" signature="setup(java.lang.String,java.lang.String)[pri:0, instance:testCases.TC_RF_002_AccountRegistrationWithNoData_Neg@4fb0f2b9]" started-at="2024-04-30T00:11:36 EDT" name="setup" finished-at="2024-04-30T00:11:40 EDT" duration-ms="3369" status="PASS">
          <params>
            <param index="0">
              <value>
                <![CDATA[Windows]]>
              </value>
            </param>
            <param index="1">
              <value>
                <![CDATA[Chrome]]>
              </value>
            </param>
          </params>
          <reporter-output>
          </reporter-output>
        </test-method> <!-- setup -->
        <test-method signature="verify_account_registration_no_data()[pri:0, instance:testCases.TC_RF_002_AccountRegistrationWithNoData_Neg@4fb0f2b9]" started-at="2024-04-30T00:11:40 EDT" name="verify_account_registration_no_data" finished-at="2024-04-30T00:11:40 EDT" duration-ms="588" status="PASS">
          <reporter-output>
          </reporter-output>
        </test-method> <!-- verify_account_registration_no_data -->
        <test-method is-config="true" signature="tearDown()[pri:0, instance:testCases.TC_RF_002_AccountRegistrationWithNoData_Neg@4fb0f2b9]" started-at="2024-04-30T00:11:40 EDT" name="tearDown" finished-at="2024-04-30T00:11:40 EDT" duration-ms="102" status="PASS">
          <reporter-output>
          </reporter-output>
        </test-method> <!-- tearDown -->
      </class> <!-- testCases.TC_RF_002_AccountRegistrationWithNoData_Neg -->
      <class name="testCases.TC_RF_003_AccountRegistrationwithIncorrectSucessMsg">
        <test-method is-config="true" signature="setup(java.lang.String,java.lang.String)[pri:0, instance:testCases.TC_RF_003_AccountRegistrationwithIncorrectSucessMsg@4fb61f4a]" started-at="2024-04-30T00:11:30 EDT" name="setup" finished-at="2024-04-30T00:11:34 EDT" duration-ms="3453" status="PASS">
          <params>
            <param index="0">
              <value>
                <![CDATA[Windows]]>
              </value>
            </param>
            <param index="1">
              <value>
                <![CDATA[Chrome]]>
              </value>
            </param>
          </params>
          <reporter-output>
          </reporter-output>
        </test-method> <!-- setup -->
        <test-method signature="verify_account_registration()[pri:0, instance:testCases.TC_RF_003_AccountRegistrationwithIncorrectSucessMsg@4fb61f4a]" started-at="2024-04-30T00:11:34 EDT" name="verify_account_registration" finished-at="2024-04-30T00:11:36 EDT" duration-ms="2331" status="FAIL">
          <exception class="java.lang.AssertionError">
            <message>
              <![CDATA[null]]>
            </message>
            <full-stacktrace>
              <![CDATA[java.lang.AssertionError: null
at org.testng.Assert.fail(Assert.java:111)
at org.testng.Assert.fail(Assert.java:116)
at testCases.TC_RF_003_AccountRegistrationwithIncorrectSucessMsg.verify_account_registration(TC_RF_003_AccountRegistrationwithIncorrectSucessMsg.java:53)
at java.base/jdk.internal.reflect.DirectMethodHandleAccessor.invoke(DirectMethodHandleAccessor.java:103)
at java.base/java.lang.reflect.Method.invoke(Method.java:580)
at org.testng.internal.invokers.MethodInvocationHelper.invokeMethod(MethodInvocationHelper.java:139)
at org.testng.internal.invokers.TestInvoker.invokeMethod(TestInvoker.java:664)
at org.testng.internal.invokers.TestInvoker.invokeTestMethod(TestInvoker.java:228)
at org.testng.internal.invokers.MethodRunner.runInSequence(MethodRunner.java:63)
at org.testng.internal.invokers.TestInvoker$MethodInvocationAgent.invoke(TestInvoker.java:961)
at org.testng.internal.invokers.TestInvoker.invokeTestMethods(TestInvoker.java:201)
at org.testng.internal.invokers.TestMethodWorker.invokeTestMethods(TestMethodWorker.java:148)
at org.testng.internal.invokers.TestMethodWorker.run(TestMethodWorker.java:128)
at java.base/java.util.ArrayList.forEach(ArrayList.java:1596)
at org.testng.TestRunner.privateRun(TestRunner.java:819)
at org.testng.TestRunner.run(TestRunner.java:619)
at org.testng.SuiteRunner.runTest(SuiteRunner.java:443)
at org.testng.SuiteRunner.runSequentially(SuiteRunner.java:437)
at org.testng.SuiteRunner.privateRun(SuiteRunner.java:397)
at org.testng.SuiteRunner.run(SuiteRunner.java:336)
at org.testng.SuiteRunnerWorker.runSuite(SuiteRunnerWorker.java:52)
at org.testng.SuiteRunnerWorker.run(SuiteRunnerWorker.java:95)
at org.testng.TestNG.runSuitesSequentially(TestNG.java:1301)
at org.testng.TestNG.runSuitesLocally(TestNG.java:1228)
at org.testng.TestNG.runSuites(TestNG.java:1134)
at org.testng.TestNG.run(TestNG.java:1101)
at org.apache.maven.surefire.testng.TestNGExecutor.run(TestNGExecutor.java:308)
at org.apache.maven.surefire.testng.TestNGXmlTestSuite.execute(TestNGXmlTestSuite.java:71)
at org.apache.maven.surefire.testng.TestNGProvider.invoke(TestNGProvider.java:113)
at org.apache.maven.surefire.booter.ForkedBooter.runSuitesInProcess(ForkedBooter.java:385)
at org.apache.maven.surefire.booter.ForkedBooter.execute(ForkedBooter.java:162)
at org.apache.maven.surefire.booter.ForkedBooter.run(ForkedBooter.java:507)
at org.apache.maven.surefire.booter.ForkedBooter.main(ForkedBooter.java:495)
]]>
            </full-stacktrace>
          </exception> <!-- java.lang.AssertionError -->
          <reporter-output>
          </reporter-output>
        </test-method> <!-- verify_account_registration -->
        <test-method is-config="true" signature="tearDown()[pri:0, instance:testCases.TC_RF_003_AccountRegistrationwithIncorrectSucessMsg@4fb61f4a]" started-at="2024-04-30T00:11:36 EDT" name="tearDown" finished-at="2024-04-30T00:11:36 EDT" duration-ms="117" status="PASS">
          <reporter-output>
          </reporter-output>
        </test-method> <!-- tearDown -->
      </class> <!-- testCases.TC_RF_003_AccountRegistrationwithIncorrectSucessMsg -->
      <class name="testCases.TC_LF_001_LoginUsingValidCredentials">
        <test-method is-config="true" signature="setup(java.lang.String,java.lang.String)[pri:0, instance:testCases.TC_LF_001_LoginUsingValidCredentials@3e58a80e]" started-at="2024-04-30T00:11:25 EDT" name="setup" finished-at="2024-04-30T00:11:29 EDT" duration-ms="3430" status="PASS">
          <params>
            <param index="0">
              <value>
                <![CDATA[Windows]]>
              </value>
            </param>
            <param index="1">
              <value>
                <![CDATA[Chrome]]>
              </value>
            </param>
          </params>
          <reporter-output>
          </reporter-output>
        </test-method> <!-- setup -->
        <test-method signature="verify_login()[pri:0, instance:testCases.TC_LF_001_LoginUsingValidCredentials@3e58a80e]" started-at="2024-04-30T00:11:29 EDT" name="verify_login" finished-at="2024-04-30T00:11:30 EDT" duration-ms="1339" status="PASS">
          <reporter-output>
          </reporter-output>
        </test-method> <!-- verify_login -->
        <test-method is-config="true" signature="tearDown()[pri:0, instance:testCases.TC_LF_001_LoginUsingValidCredentials@3e58a80e]" started-at="2024-04-30T00:11:30 EDT" name="tearDown" finished-at="2024-04-30T00:11:30 EDT" duration-ms="143" status="PASS">
          <reporter-output>
          </reporter-output>
        </test-method> <!-- tearDown -->
      </class> <!-- testCases.TC_LF_001_LoginUsingValidCredentials -->
      <class name="testCases.TC_RF_001_AccountRegistration">
        <test-method is-config="true" signature="setup(java.lang.String,java.lang.String)[pri:0, instance:testCases.TC_RF_001_AccountRegistration@5ffead27]" started-at="2024-04-30T00:11:18 EDT" name="setup" finished-at="2024-04-30T00:11:23 EDT" duration-ms="4390" status="PASS">
          <params>
            <param index="0">
              <value>
                <![CDATA[Windows]]>
              </value>
            </param>
            <param index="1">
              <value>
                <![CDATA[Chrome]]>
              </value>
            </param>
          </params>
          <reporter-output>
          </reporter-output>
        </test-method> <!-- setup -->
        <test-method signature="verify_account_registration()[pri:0, instance:testCases.TC_RF_001_AccountRegistration@5ffead27]" started-at="2024-04-30T00:11:23 EDT" name="verify_account_registration" finished-at="2024-04-30T00:11:25 EDT" duration-ms="2327" status="PASS">
          <reporter-output>
          </reporter-output>
        </test-method> <!-- verify_account_registration -->
        <test-method is-config="true" signature="tearDown()[pri:0, instance:testCases.TC_RF_001_AccountRegistration@5ffead27]" started-at="2024-04-30T00:11:25 EDT" name="tearDown" finished-at="2024-04-30T00:11:25 EDT" duration-ms="101" status="PASS">
          <reporter-output>
          </reporter-output>
        </test-method> <!-- tearDown -->
      </class> <!-- testCases.TC_RF_001_AccountRegistration -->
    </test> <!-- Test -->
  </suite> <!-- Suite -->
  <suite started-at="2024-04-30T00:12:23 EDT" name="Suite (0)" finished-at="2024-04-30T00:12:41 EDT" duration-ms="17686">
    <groups>
      <group name="regression">
        <method signature="TC_RF_001_AccountRegistration.verify_account_registration()[pri:0, instance:testCases.TC_RF_001_AccountRegistration@57a3af25]" name="verify_account_registration" class="testCases.TC_RF_001_AccountRegistration"/>
        <method signature="TC_RF_001_AccountRegistration.verify_account_registration()[pri:0, instance:testCases.TC_RF_001_AccountRegistration@7f0eb4b4]" name="verify_account_registration" class="testCases.TC_RF_001_AccountRegistration"/>
      </group> <!-- regression -->
      <group name="master">
        <method signature="TC_RF_001_AccountRegistration.verify_account_registration()[pri:0, instance:testCases.TC_RF_001_AccountRegistration@57a3af25]" name="verify_account_registration" class="testCases.TC_RF_001_AccountRegistration"/>
        <method signature="TC_RF_001_AccountRegistration.verify_account_registration()[pri:0, instance:testCases.TC_RF_001_AccountRegistration@7f0eb4b4]" name="verify_account_registration" class="testCases.TC_RF_001_AccountRegistration"/>
      </group> <!-- master -->
    </groups>
    <test started-at="2024-04-30T00:12:23 EDT" name="edgetest" finished-at="2024-04-30T00:12:41 EDT" duration-ms="17682">
      <class name="testCases.TC_RF_001_AccountRegistration">
        <test-method is-config="true" signature="setup(java.lang.String,java.lang.String)[pri:0, instance:testCases.TC_RF_001_AccountRegistration@7f0eb4b4]" started-at="2024-04-30T00:12:23 EDT" name="setup" finished-at="2024-04-30T00:12:27 EDT" duration-ms="4352" status="PASS">
          <params>
            <param index="0">
              <value>
                <![CDATA[Windows]]>
              </value>
            </param>
            <param index="1">
              <value>
                <![CDATA[edge]]>
              </value>
            </param>
          </params>
          <reporter-output>
          </reporter-output>
        </test-method> <!-- setup -->
        <test-method signature="verify_account_registration()[pri:0, instance:testCases.TC_RF_001_AccountRegistration@7f0eb4b4]" started-at="2024-04-30T00:12:27 EDT" name="verify_account_registration" finished-at="2024-04-30T00:12:39 EDT" duration-ms="11917" status="PASS">
          <reporter-output>
          </reporter-output>
        </test-method> <!-- verify_account_registration -->
        <test-method is-config="true" signature="tearDown()[pri:0, instance:testCases.TC_RF_001_AccountRegistration@7f0eb4b4]" started-at="2024-04-30T00:12:39 EDT" name="tearDown" finished-at="2024-04-30T00:12:41 EDT" duration-ms="1410" status="PASS">
          <reporter-output>
          </reporter-output>
        </test-method> <!-- tearDown -->
      </class> <!-- testCases.TC_RF_001_AccountRegistration -->
    </test> <!-- edgetest -->
    <test started-at="2024-04-30T00:12:23 EDT" name="chrometest" finished-at="2024-04-30T00:12:41 EDT" duration-ms="17686">
      <class name="testCases.TC_RF_001_AccountRegistration">
        <test-method is-config="true" signature="setup(java.lang.String,java.lang.String)[pri:0, instance:testCases.TC_RF_001_AccountRegistration@57a3af25]" started-at="2024-04-30T00:12:23 EDT" name="setup" finished-at="2024-04-30T00:12:29 EDT" duration-ms="6243" status="PASS">
          <params>
            <param index="0">
              <value>
                <![CDATA[Windows]]>
              </value>
            </param>
            <param index="1">
              <value>
                <![CDATA[chrome]]>
              </value>
            </param>
          </params>
          <reporter-output>
          </reporter-output>
        </test-method> <!-- setup -->
        <test-method signature="verify_account_registration()[pri:0, instance:testCases.TC_RF_001_AccountRegistration@57a3af25]" started-at="2024-04-30T00:12:29 EDT" name="verify_account_registration" finished-at="2024-04-30T00:12:39 EDT" duration-ms="10015" status="FAIL">
          <exception class="java.lang.AssertionError">
            <message>
              <![CDATA[null]]>
            </message>
            <full-stacktrace>
              <![CDATA[java.lang.AssertionError: null
at org.testng.Assert.fail(Assert.java:111)
at org.testng.Assert.fail(Assert.java:116)
at testCases.TC_RF_001_AccountRegistration.verify_account_registration(TC_RF_001_AccountRegistration.java:59)
at java.base/jdk.internal.reflect.DirectMethodHandleAccessor.invoke(DirectMethodHandleAccessor.java:103)
at java.base/java.lang.reflect.Method.invoke(Method.java:580)
at org.testng.internal.invokers.MethodInvocationHelper.invokeMethod(MethodInvocationHelper.java:139)
at org.testng.internal.invokers.TestInvoker.invokeMethod(TestInvoker.java:664)
at org.testng.internal.invokers.TestInvoker.invokeTestMethod(TestInvoker.java:228)
at org.testng.internal.invokers.MethodRunner.runInSequence(MethodRunner.java:63)
at org.testng.internal.invokers.TestInvoker$MethodInvocationAgent.invoke(TestInvoker.java:961)
at org.testng.internal.invokers.TestInvoker.invokeTestMethods(TestInvoker.java:201)
at org.testng.internal.invokers.TestMethodWorker.invokeTestMethods(TestMethodWorker.java:148)
at org.testng.internal.invokers.TestMethodWorker.run(TestMethodWorker.java:128)
at java.base/java.util.ArrayList.forEach(ArrayList.java:1596)
at org.testng.TestRunner.privateRun(TestRunner.java:819)
at org.testng.TestRunner.run(TestRunner.java:619)
at org.testng.SuiteRunner.runTest(SuiteRunner.java:443)
at org.testng.SuiteRunner$SuiteWorker.run(SuiteRunner.java:481)
at org.testng.internal.thread.ThreadUtil.lambda$execute$0(ThreadUtil.java:58)
at java.base/java.util.concurrent.FutureTask.run(FutureTask.java:317)
at java.base/java.util.concurrent.ThreadPoolExecutor.runWorker(ThreadPoolExecutor.java:1144)
at java.base/java.util.concurrent.ThreadPoolExecutor$Worker.run(ThreadPoolExecutor.java:642)
at java.base/java.lang.Thread.run(Thread.java:1583)
]]>
            </full-stacktrace>
          </exception> <!-- java.lang.AssertionError -->
          <reporter-output>
          </reporter-output>
        </test-method> <!-- verify_account_registration -->
        <test-method is-config="true" signature="tearDown()[pri:0, instance:testCases.TC_RF_001_AccountRegistration@57a3af25]" started-at="2024-04-30T00:12:39 EDT" name="tearDown" finished-at="2024-04-30T00:12:41 EDT" duration-ms="1280" status="FAIL">
          <exception class="org.openqa.selenium.WebDriverException">
            <message>
              <![CDATA[Timed out waiting for driver server to stop.
Build info: version: '4.20.0', revision: '866c76ca80'
System info: os.name: 'Windows 11', os.arch: 'amd64', os.version: '10.0', java.version: '21.0.2'
Driver info: org.openqa.selenium.edge.EdgeDriver
Command: [21509403680255a3d4dba9c26961a71a, quit {}]
Capabilities {acceptInsecureCerts: false, browserName: MicrosoftEdge, browserVersion: 124.0.2478.51, fedcm:accounts: true, ms:edgeOptions: {debuggerAddress: localhost:57894}, msedge: {msedgedriverVersion: 124.0.2478.67 (d385ef2844e0..., userDataDir: C:\Users\sobin\AppData\Loca...}, networkConnectionEnabled: false, pageLoadStrategy: normal, platformName: windows, proxy: Proxy(), se:cdp: ws://localhost:57894/devtoo..., se:cdpVersion: 124.0.2478.51, setWindowRect: true, strictFileInteractability: false, timeouts: {implicit: 0, pageLoad: 300000, script: 30000}, unhandledPromptBehavior: dismiss and notify, webauthn:extension:credBlob: true, webauthn:extension:largeBlob: true, webauthn:extension:minPinLength: true, webauthn:extension:prf: true, webauthn:virtualAuthenticators: true}]]>
            </message>
            <full-stacktrace>
              <![CDATA[org.openqa.selenium.WebDriverException: Timed out waiting for driver server to stop.
Build info: version: '4.20.0', revision: '866c76ca80'
System info: os.name: 'Windows 11', os.arch: 'amd64', os.version: '10.0', java.version: '21.0.2'
Driver info: org.openqa.selenium.edge.EdgeDriver
Command: [21509403680255a3d4dba9c26961a71a, quit {}]
Capabilities {acceptInsecureCerts: false, browserName: MicrosoftEdge, browserVersion: 124.0.2478.51, fedcm:accounts: true, ms:edgeOptions: {debuggerAddress: localhost:57894}, msedge: {msedgedriverVersion: 124.0.2478.67 (d385ef2844e0..., userDataDir: C:\Users\sobin\AppData\Loca...}, networkConnectionEnabled: false, pageLoadStrategy: normal, platformName: windows, proxy: Proxy(), se:cdp: ws://localhost:57894/devtoo..., se:cdpVersion: 124.0.2478.51, setWindowRect: true, strictFileInteractability: false, timeouts: {implicit: 0, pageLoad: 300000, script: 30000}, unhandledPromptBehavior: dismiss and notify, webauthn:extension:credBlob: true, webauthn:extension:largeBlob: true, webauthn:extension:minPinLength: true, webauthn:extension:prf: true, webauthn:virtualAuthenticators: true}
at org.openqa.selenium.remote.service.DriverCommandExecutor.execute(DriverCommandExecutor.java:164)
at org.openqa.selenium.remote.RemoteWebDriver.execute(RemoteWebDriver.java:518)
at org.openqa.selenium.remote.RemoteWebDriver.execute(RemoteWebDriver.java:591)
at org.openqa.selenium.remote.RemoteWebDriver.execute(RemoteWebDriver.java:595)
at org.openqa.selenium.remote.RemoteWebDriver.quit(RemoteWebDriver.java:433)
at org.openqa.selenium.chromium.ChromiumDriver.quit(ChromiumDriver.java:432)
at testBase.BaseClass.tearDown(BaseClass.java:164)
at java.base/jdk.internal.reflect.DirectMethodHandleAccessor.invoke(DirectMethodHandleAccessor.java:103)
at java.base/java.lang.reflect.Method.invoke(Method.java:580)
at org.testng.internal.invokers.MethodInvocationHelper.invokeMethod(MethodInvocationHelper.java:139)
at org.testng.internal.invokers.MethodInvocationHelper.invokeMethodConsideringTimeout(MethodInvocationHelper.java:69)
at org.testng.internal.invokers.ConfigInvoker.invokeConfigurationMethod(ConfigInvoker.java:393)
at org.testng.internal.invokers.ConfigInvoker.invokeConfigurations(ConfigInvoker.java:326)
at org.testng.internal.invokers.TestMethodWorker.invokeAfterClassConfigurations(TestMethodWorker.java:229)
at org.testng.internal.invokers.TestMethodWorker.invokeAfterClassMethods(TestMethodWorker.java:215)
at org.testng.internal.invokers.TestMethodWorker.run(TestMethodWorker.java:131)
at java.base/java.util.ArrayList.forEach(ArrayList.java:1596)
at org.testng.TestRunner.privateRun(TestRunner.java:819)
at org.testng.TestRunner.run(TestRunner.java:619)
at org.testng.SuiteRunner.runTest(SuiteRunner.java:443)
at org.testng.SuiteRunner$SuiteWorker.run(SuiteRunner.java:481)
at org.testng.internal.thread.ThreadUtil.lambda$execute$0(ThreadUtil.java:58)
at java.base/java.util.concurrent.FutureTask.run(FutureTask.java:317)
at java.base/java.util.concurrent.ThreadPoolExecutor.runWorker(ThreadPoolExecutor.java:1144)
at java.base/java.util.concurrent.ThreadPoolExecutor$Worker.run(ThreadPoolExecutor.java:642)
at java.base/java.lang.Thread.run(Thread.java:1583)
Caused by: java.util.concurrent.ExecutionException: java.lang.NullPointerException: Cannot invoke "java.net.http.HttpClient.sendAsync(java.net.http.HttpRequest, java.net.http.HttpResponse$BodyHandler)" because "this.client" is null
at java.base/java.util.concurrent.CompletableFuture.reportGet(CompletableFuture.java:396)
at java.base/java.util.concurrent.CompletableFuture.get(CompletableFuture.java:2096)
at org.openqa.selenium.remote.service.DriverCommandExecutor.execute(DriverCommandExecutor.java:160)
... 25 more
Caused by: java.lang.NullPointerException: Cannot invoke "java.net.http.HttpClient.sendAsync(java.net.http.HttpRequest, java.net.http.HttpResponse$BodyHandler)" because "this.client" is null
at org.openqa.selenium.remote.http.jdk.JdkHttpClient.execute0(JdkHttpClient.java:376)
at org.openqa.selenium.remote.http.AddSeleniumUserAgent.lambda$apply$0(AddSeleniumUserAgent.java:42)
at org.openqa.selenium.remote.http.Filter.lambda$andFinally$1(Filter.java:55)
at org.openqa.selenium.remote.http.jdk.JdkHttpClient.execute(JdkHttpClient.java:352)
at org.openqa.selenium.remote.HttpCommandExecutor.execute(HttpCommandExecutor.java:187)
at org.openqa.selenium.remote.service.DriverCommandExecutor.invokeExecute(DriverCommandExecutor.java:216)
at org.openqa.selenium.remote.service.DriverCommandExecutor.lambda$execute$1(DriverCommandExecutor.java:126)
at java.base/java.util.concurrent.CompletableFuture$AsyncSupply.run(CompletableFuture.java:1768)
... 3 more
]]>
            </full-stacktrace>
          </exception> <!-- org.openqa.selenium.WebDriverException -->
          <reporter-output>
          </reporter-output>
        </test-method> <!-- tearDown -->
      </class> <!-- testCases.TC_RF_001_AccountRegistration -->
    </test> <!-- chrometest -->
  </suite> <!-- Suite (0) -->
</testng-results>
