<?xml version="1.0" encoding="UTF-8"?>
<testng-results ignored="0" total="9" passed="8" failed="1" skipped="0">
  <reporter-output>
  </reporter-output>
  <suite started-at="2024-04-29T20:16:03 EDT" name="Suite" finished-at="2024-04-29T20:17:06 EDT" duration-ms="63491">
    <groups>
      <group name="regression">
        <method signature="TC_LF_002_003_004_LoginDDT.verify_loginDDT(java.lang.String,java.lang.String,java.lang.String)[pri:0, instance:testCases.TC_LF_002_003_004_LoginDDT@22ff4249]" name="verify_loginDDT" class="testCases.TC_LF_002_003_004_LoginDDT"/>
        <method signature="TC_RF_001_AccountRegistration.verify_account_registration()[pri:0, instance:testCases.TC_RF_001_AccountRegistration@6a6cb05c]" name="verify_account_registration" class="testCases.TC_RF_001_AccountRegistration"/>
        <method signature="TC_RF_002_AccountRegistrationWithNoData_Neg.verify_account_registration_no_data()[pri:0, instance:testCases.TC_RF_002_AccountRegistrationWithNoData_Neg@6025e1b6]" name="verify_account_registration_no_data" class="testCases.TC_RF_002_AccountRegistrationWithNoData_Neg"/>
        <method signature="TC_RF_003_AccountRegistrationwithIncorrectSucessMsg.verify_account_registration()[pri:0, instance:testCases.TC_RF_003_AccountRegistrationwithIncorrectSucessMsg@40a4337a]" name="verify_account_registration" class="testCases.TC_RF_003_AccountRegistrationwithIncorrectSucessMsg"/>
      </group> <!-- regression -->
      <group name="sanity">
        <method signature="TC_LF_001_LoginUsingValidCredentials.verify_login()[pri:0, instance:testCases.TC_LF_001_LoginUsingValidCredentials@22555ebf]" name="verify_login" class="testCases.TC_LF_001_LoginUsingValidCredentials"/>
      </group> <!-- sanity -->
      <group name="master">
        <method signature="TC_LF_001_LoginUsingValidCredentials.verify_login()[pri:0, instance:testCases.TC_LF_001_LoginUsingValidCredentials@22555ebf]" name="verify_login" class="testCases.TC_LF_001_LoginUsingValidCredentials"/>
        <method signature="TC_LF_002_003_004_LoginDDT.verify_loginDDT(java.lang.String,java.lang.String,java.lang.String)[pri:0, instance:testCases.TC_LF_002_003_004_LoginDDT@22ff4249]" name="verify_loginDDT" class="testCases.TC_LF_002_003_004_LoginDDT"/>
        <method signature="TC_RF_001_AccountRegistration.verify_account_registration()[pri:0, instance:testCases.TC_RF_001_AccountRegistration@6a6cb05c]" name="verify_account_registration" class="testCases.TC_RF_001_AccountRegistration"/>
        <method signature="TC_RF_002_AccountRegistrationWithNoData_Neg.verify_account_registration_no_data()[pri:0, instance:testCases.TC_RF_002_AccountRegistrationWithNoData_Neg@6025e1b6]" name="verify_account_registration_no_data" class="testCases.TC_RF_002_AccountRegistrationWithNoData_Neg"/>
        <method signature="TC_RF_003_AccountRegistrationwithIncorrectSucessMsg.verify_account_registration()[pri:0, instance:testCases.TC_RF_003_AccountRegistrationwithIncorrectSucessMsg@40a4337a]" name="verify_account_registration" class="testCases.TC_RF_003_AccountRegistrationwithIncorrectSucessMsg"/>
      </group> <!-- master -->
    </groups>
    <test started-at="2024-04-29T20:16:03 EDT" name="Test" finished-at="2024-04-29T20:17:06 EDT" duration-ms="63491">
      <class name="testCases.TC_LF_002_003_004_LoginDDT">
        <test-method is-config="true" signature="setup(java.lang.String,java.lang.String)[pri:0, instance:testCases.TC_LF_002_003_004_LoginDDT@22ff4249]" started-at="2024-04-29T20:16:24 EDT" name="setup" finished-at="2024-04-29T20:16:27 EDT" duration-ms="3635" status="PASS">
          <params>
            <param index="0">
              <value>
                <![CDATA[Windows]]>
              </value>
            </param>
            <param index="1">
              <value>
                <![CDATA[Chrome]]>
              </value>
            </param>
          </params>
          <reporter-output>
          </reporter-output>
        </test-method> <!-- setup -->
        <test-method signature="verify_loginDDT(java.lang.String,java.lang.String,java.lang.String)[pri:0, instance:testCases.TC_LF_002_003_004_LoginDDT@22ff4249]" started-at="2024-04-29T20:16:28 EDT" name="verify_loginDDT" data-provider="LoginData" finished-at="2024-04-29T20:16:30 EDT" duration-ms="2102" status="PASS">
          <params>
            <param index="0">
              <value>
                <![CDATA[TESTBB@TEST.com]]>
              </value>
            </param>
            <param index="1">
              <value>
                <![CDATA[test1234!]]>
              </value>
            </param>
            <param index="2">
              <value>
                <![CDATA[Valid]]>
              </value>
            </param>
          </params>
          <reporter-output>
          </reporter-output>
        </test-method> <!-- verify_loginDDT -->
        <test-method signature="verify_loginDDT(java.lang.String,java.lang.String,java.lang.String)[pri:0, instance:testCases.TC_LF_002_003_004_LoginDDT@22ff4249]" started-at="2024-04-29T20:16:30 EDT" name="verify_loginDDT" data-provider="LoginData" finished-at="2024-04-29T20:16:41 EDT" duration-ms="10958" status="PASS">
          <params>
            <param index="0">
              <value>
                <![CDATA[Jack@yahoo.com]]>
              </value>
            </param>
            <param index="1">
              <value>
                <![CDATA[Jacky@]]>
              </value>
            </param>
            <param index="2">
              <value>
                <![CDATA[Invalid]]>
              </value>
            </param>
          </params>
          <reporter-output>
          </reporter-output>
        </test-method> <!-- verify_loginDDT -->
        <test-method signature="verify_loginDDT(java.lang.String,java.lang.String,java.lang.String)[pri:0, instance:testCases.TC_LF_002_003_004_LoginDDT@22ff4249]" started-at="2024-04-29T20:16:41 EDT" name="verify_loginDDT" data-provider="LoginData" finished-at="2024-04-29T20:16:53 EDT" duration-ms="11222" status="PASS">
          <params>
            <param index="0">
              <value>
                <![CDATA[Jacki@yahoo.com]]>
              </value>
            </param>
            <param index="1">
              <value>
                <![CDATA[Jacki]]>
              </value>
            </param>
            <param index="2">
              <value>
                <![CDATA[Invalid]]>
              </value>
            </param>
          </params>
          <reporter-output>
          </reporter-output>
        </test-method> <!-- verify_loginDDT -->
        <test-method signature="verify_loginDDT(java.lang.String,java.lang.String,java.lang.String)[pri:0, instance:testCases.TC_LF_002_003_004_LoginDDT@22ff4249]" started-at="2024-04-29T20:16:53 EDT" name="verify_loginDDT" data-provider="LoginData" finished-at="2024-04-29T20:17:04 EDT" duration-ms="11243" status="PASS">
          <params>
            <param index="0">
              <value>
                <![CDATA[laks@yahoo.com]]>
              </value>
            </param>
            <param index="1">
              <value>
                <![CDATA[xyz]]>
              </value>
            </param>
            <param index="2">
              <value>
                <![CDATA[Invalid]]>
              </value>
            </param>
          </params>
          <reporter-output>
          </reporter-output>
        </test-method> <!-- verify_loginDDT -->
        <test-method signature="verify_loginDDT(java.lang.String,java.lang.String,java.lang.String)[pri:0, instance:testCases.TC_LF_002_003_004_LoginDDT@22ff4249]" started-at="2024-04-29T20:17:04 EDT" name="verify_loginDDT" data-provider="LoginData" finished-at="2024-04-29T20:17:06 EDT" duration-ms="2179" status="PASS">
          <params>
            <param index="0">
              <value>
                <![CDATA[TESTCC@TEST.com]]>
              </value>
            </param>
            <param index="1">
              <value>
                <![CDATA[test1234!]]>
              </value>
            </param>
            <param index="2">
              <value>
                <![CDATA[Valid]]>
              </value>
            </param>
          </params>
          <reporter-output>
          </reporter-output>
        </test-method> <!-- verify_loginDDT -->
        <test-method is-config="true" signature="tearDown()[pri:0, instance:testCases.TC_LF_002_003_004_LoginDDT@22ff4249]" started-at="2024-04-29T20:17:06 EDT" name="tearDown" finished-at="2024-04-29T20:17:06 EDT" duration-ms="206" status="PASS">
          <reporter-output>
          </reporter-output>
        </test-method> <!-- tearDown -->
      </class> <!-- testCases.TC_LF_002_003_004_LoginDDT -->
      <class name="testCases.TC_RF_002_AccountRegistrationWithNoData_Neg">
        <test-method is-config="true" signature="setup(java.lang.String,java.lang.String)[pri:0, instance:testCases.TC_RF_002_AccountRegistrationWithNoData_Neg@6025e1b6]" started-at="2024-04-29T20:16:20 EDT" name="setup" finished-at="2024-04-29T20:16:23 EDT" duration-ms="3395" status="PASS">
          <params>
            <param index="0">
              <value>
                <![CDATA[Windows]]>
              </value>
            </param>
            <param index="1">
              <value>
                <![CDATA[Chrome]]>
              </value>
            </param>
          </params>
          <reporter-output>
          </reporter-output>
        </test-method> <!-- setup -->
        <test-method signature="verify_account_registration_no_data()[pri:0, instance:testCases.TC_RF_002_AccountRegistrationWithNoData_Neg@6025e1b6]" started-at="2024-04-29T20:16:23 EDT" name="verify_account_registration_no_data" finished-at="2024-04-29T20:16:24 EDT" duration-ms="693" status="PASS">
          <reporter-output>
          </reporter-output>
        </test-method> <!-- verify_account_registration_no_data -->
        <test-method is-config="true" signature="tearDown()[pri:0, instance:testCases.TC_RF_002_AccountRegistrationWithNoData_Neg@6025e1b6]" started-at="2024-04-29T20:16:24 EDT" name="tearDown" finished-at="2024-04-29T20:16:24 EDT" duration-ms="117" status="PASS">
          <reporter-output>
          </reporter-output>
        </test-method> <!-- tearDown -->
      </class> <!-- testCases.TC_RF_002_AccountRegistrationWithNoData_Neg -->
      <class name="testCases.TC_RF_003_AccountRegistrationwithIncorrectSucessMsg">
        <test-method is-config="true" signature="setup(java.lang.String,java.lang.String)[pri:0, instance:testCases.TC_RF_003_AccountRegistrationwithIncorrectSucessMsg@40a4337a]" started-at="2024-04-29T20:16:14 EDT" name="setup" finished-at="2024-04-29T20:16:18 EDT" duration-ms="3516" status="PASS">
          <params>
            <param index="0">
              <value>
                <![CDATA[Windows]]>
              </value>
            </param>
            <param index="1">
              <value>
                <![CDATA[Chrome]]>
              </value>
            </param>
          </params>
          <reporter-output>
          </reporter-output>
        </test-method> <!-- setup -->
        <test-method signature="verify_account_registration()[pri:0, instance:testCases.TC_RF_003_AccountRegistrationwithIncorrectSucessMsg@40a4337a]" started-at="2024-04-29T20:16:18 EDT" name="verify_account_registration" finished-at="2024-04-29T20:16:19 EDT" duration-ms="1708" status="FAIL">
          <exception class="java.lang.AssertionError">
            <message>
              <![CDATA[null]]>
            </message>
            <full-stacktrace>
              <![CDATA[java.lang.AssertionError: null
at org.testng.Assert.fail(Assert.java:111)
at org.testng.Assert.fail(Assert.java:116)
at testCases.TC_RF_003_AccountRegistrationwithIncorrectSucessMsg.verify_account_registration(TC_RF_003_AccountRegistrationwithIncorrectSucessMsg.java:53)
at java.base/jdk.internal.reflect.DirectMethodHandleAccessor.invoke(DirectMethodHandleAccessor.java:103)
at java.base/java.lang.reflect.Method.invoke(Method.java:580)
at org.testng.internal.invokers.MethodInvocationHelper.invokeMethod(MethodInvocationHelper.java:139)
at org.testng.internal.invokers.TestInvoker.invokeMethod(TestInvoker.java:664)
at org.testng.internal.invokers.TestInvoker.invokeTestMethod(TestInvoker.java:228)
at org.testng.internal.invokers.MethodRunner.runInSequence(MethodRunner.java:63)
at org.testng.internal.invokers.TestInvoker$MethodInvocationAgent.invoke(TestInvoker.java:961)
at org.testng.internal.invokers.TestInvoker.invokeTestMethods(TestInvoker.java:201)
at org.testng.internal.invokers.TestMethodWorker.invokeTestMethods(TestMethodWorker.java:148)
at org.testng.internal.invokers.TestMethodWorker.run(TestMethodWorker.java:128)
at java.base/java.util.ArrayList.forEach(ArrayList.java:1596)
at org.testng.TestRunner.privateRun(TestRunner.java:819)
at org.testng.TestRunner.run(TestRunner.java:619)
at org.testng.SuiteRunner.runTest(SuiteRunner.java:443)
at org.testng.SuiteRunner.runSequentially(SuiteRunner.java:437)
at org.testng.SuiteRunner.privateRun(SuiteRunner.java:397)
at org.testng.SuiteRunner.run(SuiteRunner.java:336)
at org.testng.SuiteRunnerWorker.runSuite(SuiteRunnerWorker.java:52)
at org.testng.SuiteRunnerWorker.run(SuiteRunnerWorker.java:95)
at org.testng.TestNG.runSuitesSequentially(TestNG.java:1301)
at org.testng.TestNG.runSuitesLocally(TestNG.java:1228)
at org.testng.TestNG.runSuites(TestNG.java:1134)
at org.testng.TestNG.run(TestNG.java:1101)
at org.testng.remote.AbstractRemoteTestNG.run(AbstractRemoteTestNG.java:115)
at org.testng.remote.RemoteTestNG.initAndRun(RemoteTestNG.java:251)
at org.testng.remote.RemoteTestNG.main(RemoteTestNG.java:77)
]]>
            </full-stacktrace>
          </exception> <!-- java.lang.AssertionError -->
          <reporter-output>
          </reporter-output>
        </test-method> <!-- verify_account_registration -->
        <test-method is-config="true" signature="tearDown()[pri:0, instance:testCases.TC_RF_003_AccountRegistrationwithIncorrectSucessMsg@40a4337a]" started-at="2024-04-29T20:16:20 EDT" name="tearDown" finished-at="2024-04-29T20:16:20 EDT" duration-ms="129" status="PASS">
          <reporter-output>
          </reporter-output>
        </test-method> <!-- tearDown -->
      </class> <!-- testCases.TC_RF_003_AccountRegistrationwithIncorrectSucessMsg -->
      <class name="testCases.TC_LF_001_LoginUsingValidCredentials">
        <test-method is-config="true" signature="setup(java.lang.String,java.lang.String)[pri:0, instance:testCases.TC_LF_001_LoginUsingValidCredentials@22555ebf]" started-at="2024-04-29T20:16:03 EDT" name="setup" finished-at="2024-04-29T20:16:07 EDT" duration-ms="4205" status="PASS">
          <params>
            <param index="0">
              <value>
                <![CDATA[Windows]]>
              </value>
            </param>
            <param index="1">
              <value>
                <![CDATA[Chrome]]>
              </value>
            </param>
          </params>
          <reporter-output>
          </reporter-output>
        </test-method> <!-- setup -->
        <test-method signature="verify_login()[pri:0, instance:testCases.TC_LF_001_LoginUsingValidCredentials@22555ebf]" started-at="2024-04-29T20:16:07 EDT" name="verify_login" finished-at="2024-04-29T20:16:09 EDT" duration-ms="1428" status="PASS">
          <reporter-output>
          </reporter-output>
        </test-method> <!-- verify_login -->
        <test-method is-config="true" signature="tearDown()[pri:0, instance:testCases.TC_LF_001_LoginUsingValidCredentials@22555ebf]" started-at="2024-04-29T20:16:09 EDT" name="tearDown" finished-at="2024-04-29T20:16:09 EDT" duration-ms="136" status="PASS">
          <reporter-output>
          </reporter-output>
        </test-method> <!-- tearDown -->
      </class> <!-- testCases.TC_LF_001_LoginUsingValidCredentials -->
      <class name="testCases.TC_RF_001_AccountRegistration">
        <test-method is-config="true" signature="setup(java.lang.String,java.lang.String)[pri:0, instance:testCases.TC_RF_001_AccountRegistration@6a6cb05c]" started-at="2024-04-29T20:16:09 EDT" name="setup" finished-at="2024-04-29T20:16:12 EDT" duration-ms="3457" status="PASS">
          <params>
            <param index="0">
              <value>
                <![CDATA[Windows]]>
              </value>
            </param>
            <param index="1">
              <value>
                <![CDATA[Chrome]]>
              </value>
            </param>
          </params>
          <reporter-output>
          </reporter-output>
        </test-method> <!-- setup -->
        <test-method signature="verify_account_registration()[pri:0, instance:testCases.TC_RF_001_AccountRegistration@6a6cb05c]" started-at="2024-04-29T20:16:12 EDT" name="verify_account_registration" finished-at="2024-04-29T20:16:14 EDT" duration-ms="1729" status="PASS">
          <reporter-output>
          </reporter-output>
        </test-method> <!-- verify_account_registration -->
        <test-method is-config="true" signature="tearDown()[pri:0, instance:testCases.TC_RF_001_AccountRegistration@6a6cb05c]" started-at="2024-04-29T20:16:14 EDT" name="tearDown" finished-at="2024-04-29T20:16:14 EDT" duration-ms="122" status="PASS">
          <reporter-output>
          </reporter-output>
        </test-method> <!-- tearDown -->
      </class> <!-- testCases.TC_RF_001_AccountRegistration -->
    </test> <!-- Test -->
  </suite> <!-- Suite -->
</testng-results>
